<?xml version="1.0" encoding="UTF-8"?>
<!-- Generated by org.testng.reporters.JUnitReportReporter -->
<testsuite hostname="TL351" failures="0" tests="2" name="Automation.API.LibraryApiTest" time="2.835" errors="0" timestamp="2024-04-18T14:27:58 IST" skipped="0">
  <testcase classname="Automation.API.LibraryApiTest" name="deleteNewlyAddedBook" time="0.132"/>
  <system-out/>
  <testcase classname="Automation.API.LibraryApiTest" name="libraryApiTest" time="2.703"/>
  <system-out/>
</testsuite> <!-- Automation.API.LibraryApiTest -->
