<?xml version="1.0" encoding="UTF-8"?>
<!-- Generated by org.testng.reporters.JUnitReportReporter -->
<testsuite hostname="TL351" failures="0" tests="1" name="Automation.API.AppTest" time="2.395" errors="0" timestamp="2024-04-17T15:56:00 IST" skipped="0">
  <testcase classname="Automation.API.AppTest" name="apiAsserstionsTest" time="2.395"/>
  <system-out/>
</testsuite> <!-- Automation.API.AppTest -->
