<?xml version="1.0" encoding="UTF-8"?>
<!-- Generated by org.testng.reporters.JUnitReportReporter -->
<testsuite hostname="TL351" failures="0" tests="1" name="Automation.API.AppTest" time="4.759" errors="0" timestamp="2024-04-17T11:06:08 IST" skipped="0">
  <testcase classname="Automation.API.AppTest" name="parseApiJsonTest" time="4.759"/>
  <system-out/>
</testsuite> <!-- Automation.API.AppTest -->
